<?xml version="1.0" encoding="UTF-8"?>
<testng-results ignored="0" total="1" passed="1" failed="0" skipped="0">
  <reporter-output>
  </reporter-output>
  <suite started-at="2022-01-13T00:15:15 IST" name="Default suite" finished-at="2022-01-13T00:15:15 IST" duration-ms="71">
    <groups>
    </groups>
    <test started-at="2022-01-13T00:15:15 IST" name="Default test" finished-at="2022-01-13T00:15:15 IST" duration-ms="71">
      <class name="practiceTest.CountOccurances">
        <test-method signature="countTotal()[pri:0, instance:practiceTest.CountOccurances@3246fb96]" started-at="2022-01-13T00:15:15 IST" name="countTotal" finished-at="2022-01-13T00:15:15 IST" duration-ms="11" status="PASS">
          <reporter-output>
          </reporter-output>
        </test-method> <!-- countTotal -->
      </class> <!-- practiceTest.CountOccurances -->
    </test> <!-- Default test -->
  </suite> <!-- Default suite -->
</testng-results>
